c:\users\user\desktop\workshop\sky\sky\debug\vc120.pdb
c:\users\user\desktop\workshop\sky\sky\debug\payment.obj
c:\users\user\desktop\workshop\sky\sky\debug\myform1.obj
c:\users\user\desktop\workshop\sky\sky\debug\myform.obj
c:\users\user\desktop\workshop\sky\sky\debug\modified.obj
c:\users\user\desktop\workshop\sky\sky\debug\loginguest.obj
c:\users\user\desktop\workshop\sky\sky\debug\guest.obj
c:\users\user\desktop\workshop\sky\sky\debug\expired.obj
c:\users\user\desktop\workshop\sky\sky\debug\checkinfo.obj
c:\users\user\desktop\workshop\sky\sky\debug\changepass.obj
c:\users\user\desktop\workshop\sky\sky\debug\busstatus.obj
c:\users\user\desktop\workshop\sky\sky\debug\bus.obj
c:\users\user\desktop\workshop\sky\sky\debug\admin1.obj
c:\users\user\desktop\workshop\sky\sky\debug\admin.obj
c:\users\user\desktop\workshop\sky\sky\debug\addsaman.obj
c:\users\user\desktop\workshop\sky\sky\debug\adbus.obj
c:\users\user\desktop\workshop\sky\sky\debug\.netframework,version=v4.5.assemblyattributes.obj
c:\users\user\desktop\workshop\sky\sky\debug\pay.obj
c:\users\user\desktop\workshop\sky\sky\debug\sky.tlog\metagen.write.1.tlog
c:\users\user\desktop\workshop\sky\sky\debug\sky.addsaman.resources
c:\users\user\desktop\workshop\sky\sky\debug\sky.admin.resources
c:\users\user\desktop\workshop\sky\sky\debug\sky.admin1.resources
c:\users\user\desktop\workshop\sky\sky\debug\sky.bus.resources
c:\users\user\desktop\workshop\sky\sky\debug\sky.busstatus.resources
c:\users\user\desktop\workshop\sky\sky\debug\sky.changepass.resources
c:\users\user\desktop\workshop\sky\sky\debug\sky.checkinfo.resources
c:\users\user\desktop\workshop\sky\sky\debug\sky.expired.resources
c:\users\user\desktop\workshop\sky\sky\debug\sky.guest.resources
c:\users\user\desktop\workshop\sky\sky\debug\sky.loginguest.resources
c:\users\user\desktop\workshop\sky\sky\debug\sky.modified.resources
c:\users\user\desktop\workshop\sky\sky\debug\sky.myform.resources
c:\users\user\desktop\workshop\sky\sky\debug\sky.myform1.resources
c:\users\user\desktop\workshop\sky\sky\debug\sky.payment.resources
c:\users\user\desktop\workshop\sky\sky\debug\sky.pay.resources
c:\users\user\desktop\workshop\sky\sky\debug\sky.vcxproj.generateresource.cache
c:\users\user\desktop\workshop\sky\sky\debug\sky.vcxprojresolveassemblyreference.cache
c:\users\user\desktop\workshop\sky\debug\sky.pdb
c:\users\user\desktop\workshop\sky\sky\debug\sky.tlog\cl.command.1.tlog
c:\users\user\desktop\workshop\sky\sky\debug\sky.tlog\cl.read.1.tlog
c:\users\user\desktop\workshop\sky\sky\debug\sky.tlog\cl.write.1.tlog
c:\users\user\desktop\workshop\sky\sky\debug\sky.tlog\link.10536-cvtres.read.1.tlog
c:\users\user\desktop\workshop\sky\sky\debug\sky.tlog\link.10536-cvtres.write.1.tlog
c:\users\user\desktop\workshop\sky\sky\debug\sky.tlog\link.10536-rc.read.1.tlog
c:\users\user\desktop\workshop\sky\sky\debug\sky.tlog\link.10536-rc.write.1.tlog
c:\users\user\desktop\workshop\sky\sky\debug\sky.tlog\link.10536.read.1.tlog
c:\users\user\desktop\workshop\sky\sky\debug\sky.tlog\link.10536.write.1.tlog
c:\users\user\desktop\workshop\sky\sky\debug\sky.tlog\link.10948-cvtres.read.1.tlog
c:\users\user\desktop\workshop\sky\sky\debug\sky.tlog\link.10948-cvtres.write.1.tlog
c:\users\user\desktop\workshop\sky\sky\debug\sky.tlog\link.10948-rc.read.1.tlog
c:\users\user\desktop\workshop\sky\sky\debug\sky.tlog\link.10948-rc.write.1.tlog
c:\users\user\desktop\workshop\sky\sky\debug\sky.tlog\link.10948.read.1.tlog
c:\users\user\desktop\workshop\sky\sky\debug\sky.tlog\link.10948.write.1.tlog
c:\users\user\desktop\workshop\sky\sky\debug\sky.tlog\link.4004-cvtres.read.1.tlog
c:\users\user\desktop\workshop\sky\sky\debug\sky.tlog\link.4004-cvtres.write.1.tlog
c:\users\user\desktop\workshop\sky\sky\debug\sky.tlog\link.4004-rc.read.1.tlog
c:\users\user\desktop\workshop\sky\sky\debug\sky.tlog\link.4004-rc.write.1.tlog
c:\users\user\desktop\workshop\sky\sky\debug\sky.tlog\link.4004.read.1.tlog
c:\users\user\desktop\workshop\sky\sky\debug\sky.tlog\link.4004.write.1.tlog
c:\users\user\desktop\workshop\sky\sky\debug\sky.tlog\link.4108-cvtres.read.1.tlog
c:\users\user\desktop\workshop\sky\sky\debug\sky.tlog\link.4108-cvtres.write.1.tlog
c:\users\user\desktop\workshop\sky\sky\debug\sky.tlog\link.4108-rc.read.1.tlog
c:\users\user\desktop\workshop\sky\sky\debug\sky.tlog\link.4108-rc.write.1.tlog
c:\users\user\desktop\workshop\sky\sky\debug\sky.tlog\link.4108.read.1.tlog
c:\users\user\desktop\workshop\sky\sky\debug\sky.tlog\link.4108.write.1.tlog
c:\users\user\desktop\workshop\sky\sky\debug\sky.tlog\link.6128-cvtres.read.1.tlog
c:\users\user\desktop\workshop\sky\sky\debug\sky.tlog\link.6128-cvtres.write.1.tlog
c:\users\user\desktop\workshop\sky\sky\debug\sky.tlog\link.6128-rc.read.1.tlog
c:\users\user\desktop\workshop\sky\sky\debug\sky.tlog\link.6128-rc.write.1.tlog
c:\users\user\desktop\workshop\sky\sky\debug\sky.tlog\link.6128.read.1.tlog
c:\users\user\desktop\workshop\sky\sky\debug\sky.tlog\link.6128.write.1.tlog
c:\users\user\desktop\workshop\sky\sky\debug\sky.tlog\link.7352-cvtres.read.1.tlog
c:\users\user\desktop\workshop\sky\sky\debug\sky.tlog\link.7352-cvtres.write.1.tlog
c:\users\user\desktop\workshop\sky\sky\debug\sky.tlog\link.7352-rc.read.1.tlog
c:\users\user\desktop\workshop\sky\sky\debug\sky.tlog\link.7352-rc.write.1.tlog
c:\users\user\desktop\workshop\sky\sky\debug\sky.tlog\link.7352.read.1.tlog
c:\users\user\desktop\workshop\sky\sky\debug\sky.tlog\link.7352.write.1.tlog
c:\users\user\desktop\workshop\sky\sky\debug\sky.tlog\link.764-cvtres.read.1.tlog
c:\users\user\desktop\workshop\sky\sky\debug\sky.tlog\link.764-cvtres.write.1.tlog
c:\users\user\desktop\workshop\sky\sky\debug\sky.tlog\link.764-rc.read.1.tlog
c:\users\user\desktop\workshop\sky\sky\debug\sky.tlog\link.764-rc.write.1.tlog
c:\users\user\desktop\workshop\sky\sky\debug\sky.tlog\link.764.read.1.tlog
c:\users\user\desktop\workshop\sky\sky\debug\sky.tlog\link.764.write.1.tlog
c:\users\user\desktop\workshop\sky\sky\debug\sky.tlog\link.8652-cvtres.read.1.tlog
c:\users\user\desktop\workshop\sky\sky\debug\sky.tlog\link.8652-cvtres.write.1.tlog
c:\users\user\desktop\workshop\sky\sky\debug\sky.tlog\link.8652-rc.read.1.tlog
c:\users\user\desktop\workshop\sky\sky\debug\sky.tlog\link.8652-rc.write.1.tlog
c:\users\user\desktop\workshop\sky\sky\debug\sky.tlog\link.8652.read.1.tlog
c:\users\user\desktop\workshop\sky\sky\debug\sky.tlog\link.8652.write.1.tlog
c:\users\user\desktop\workshop\sky\sky\debug\sky.tlog\link.8824-cvtres.read.1.tlog
c:\users\user\desktop\workshop\sky\sky\debug\sky.tlog\link.8824-cvtres.write.1.tlog
c:\users\user\desktop\workshop\sky\sky\debug\sky.tlog\link.8824-rc.read.1.tlog
c:\users\user\desktop\workshop\sky\sky\debug\sky.tlog\link.8824-rc.write.1.tlog
c:\users\user\desktop\workshop\sky\sky\debug\sky.tlog\link.8824.read.1.tlog
c:\users\user\desktop\workshop\sky\sky\debug\sky.tlog\link.8824.write.1.tlog
c:\users\user\desktop\workshop\sky\sky\debug\sky.tlog\link.8940-cvtres.read.1.tlog
c:\users\user\desktop\workshop\sky\sky\debug\sky.tlog\link.8940-cvtres.write.1.tlog
c:\users\user\desktop\workshop\sky\sky\debug\sky.tlog\link.8940-rc.read.1.tlog
c:\users\user\desktop\workshop\sky\sky\debug\sky.tlog\link.8940-rc.write.1.tlog
c:\users\user\desktop\workshop\sky\sky\debug\sky.tlog\link.8940.read.1.tlog
c:\users\user\desktop\workshop\sky\sky\debug\sky.tlog\link.8940.write.1.tlog
c:\users\user\desktop\workshop\sky\sky\debug\sky.tlog\link.9572-cvtres.read.1.tlog
c:\users\user\desktop\workshop\sky\sky\debug\sky.tlog\link.9572-cvtres.write.1.tlog
c:\users\user\desktop\workshop\sky\sky\debug\sky.tlog\link.9572-rc.read.1.tlog
c:\users\user\desktop\workshop\sky\sky\debug\sky.tlog\link.9572-rc.write.1.tlog
c:\users\user\desktop\workshop\sky\sky\debug\sky.tlog\link.9572.read.1.tlog
c:\users\user\desktop\workshop\sky\sky\debug\sky.tlog\link.9572.write.1.tlog
c:\users\user\desktop\workshop\sky\sky\debug\sky.tlog\link.command.1.tlog
c:\users\user\desktop\workshop\sky\sky\debug\sky.tlog\link.read.1.tlog
c:\users\user\desktop\workshop\sky\sky\debug\sky.tlog\link.write.1.tlog
c:\users\user\desktop\workshop\sky\sky\debug\sky.tlog\metagen.read.1.tlog
c:\users\user\desktop\workshop\sky\sky\debug\sky.tlog\sky.write.1u.tlog
c:\users\user\desktop\workshop\sky\sky\debug\sky.tlog\mysql.data.dll.metagen
c:\users\user\desktop\workshop\sky\sky\debug\sky.tlog\rsaenh.dll.bi
c:\users\user\desktop\workshop\sky\sky\debug\sky.tlog\tzres.dll.bi
